<?xml version="1.0" encoding="UTF-8"?>
<!-- Generated by org.testng.reporters.JUnitReportReporter -->
<testsuite hostname="LAPTOP-8EF9B15C" failures="0" tests="1" name="RestAssuredTesting.RestAssuredTesting.ExcelReader" time="0.012" errors="0" timestamp="2020-10-03T16:41:32 EDT" skipped="0">
  <testcase classname="RestAssuredTesting.RestAssuredTesting.ExcelReader" name="excelReader" time="0.012"/>
  <system-out/>
</testsuite> <!-- RestAssuredTesting.RestAssuredTesting.ExcelReader -->
