<?xml version="1.0" encoding="UTF-8"?>
<!-- Generated by org.testng.reporters.JUnitReportReporter -->
<testsuite hostname="LAPTOP-8EF9B15C" failures="0" tests="1" name="RestAssuredTesting.RestAssuredTesting.PostTest" time="3.710" errors="0" timestamp="2020-10-02T17:06:14 EDT" skipped="0">
  <testcase classname="RestAssuredTesting.RestAssuredTesting.PostTest" name="postTest" time="3.710"/>
  <system-out/>
</testsuite> <!-- RestAssuredTesting.RestAssuredTesting.PostTest -->
