<?xml version="1.0" encoding="UTF-8"?>
<!-- Generated by org.testng.reporters.JUnitReportReporter -->
<testsuite hostname="LAPTOP-8EF9B15C" failures="0" tests="1" name="RestAssuredTesting.RestAssuredTesting.GetTest" time="5.180" errors="0" timestamp="2020-09-30T15:14:51 EDT" skipped="0">
  <testcase classname="RestAssuredTesting.RestAssuredTesting.GetTest" name="getWeatherMethod" time="5.180"/>
  <system-out/>
</testsuite> <!-- RestAssuredTesting.RestAssuredTesting.GetTest -->
