<?xml version="1.0" encoding="UTF-8"?>
<!-- Generated by org.testng.reporters.JUnitReportReporter -->
<testsuite hostname="LAPTOP-8EF9B15C" failures="0" tests="3" name="RestAssuredTesting.RestAssuredTesting.DataDriven" time="4.658" errors="0" timestamp="2020-10-03T16:37:15 EDT" skipped="0">
  <testcase classname="RestAssuredTesting.RestAssuredTesting.DataDriven" name="dataDriven" time="0.379"/>
  <system-out/>
  <testcase classname="RestAssuredTesting.RestAssuredTesting.DataDriven" name="dataDriven" time="0.389"/>
  <system-out/>
  <testcase classname="RestAssuredTesting.RestAssuredTesting.DataDriven" name="dataDriven" time="3.890"/>
  <system-out/>
</testsuite> <!-- RestAssuredTesting.RestAssuredTesting.DataDriven -->
