<?xml version="1.0" encoding="UTF-8"?>
<!-- Generated by org.testng.reporters.JUnitReportReporter -->
<testsuite hostname="LAPTOP-8EF9B15C" failures="0" tests="1" name="RestAssuredTesting.RestAssuredTesting.BodyTest2" time="4.407" errors="0" timestamp="2020-10-02T15:02:58 EDT" skipped="0">
  <testcase classname="RestAssuredTesting.RestAssuredTesting.BodyTest2" name="bodyTest" time="4.407"/>
  <system-out/>
</testsuite> <!-- RestAssuredTesting.RestAssuredTesting.BodyTest2 -->
