<?xml version="1.0" encoding="UTF-8"?>
<!-- Generated by org.testng.reporters.JUnitReportReporter -->
<testsuite hostname="LAPTOP-8EF9B15C" failures="0" tests="1" name="RestAssuredTesting.RestAssuredTesting.HeadersTest" time="3.002" errors="0" timestamp="2020-10-01T16:06:35 EDT" skipped="0">
  <testcase classname="RestAssuredTesting.RestAssuredTesting.HeadersTest" name="headerTest" time="3.002"/>
  <system-out/>
</testsuite> <!-- RestAssuredTesting.RestAssuredTesting.HeadersTest -->
